<?xml version="1.0" encoding="UTF-8"?>
<!-- Generated by org.testng.reporters.JUnitXMLReporter -->
<testsuite ignored="0" hostname="DEMON-PC" failures="1" tests="1" name="All_Test" time="7.854" errors="0" timestamp="2024-09-16T09:16:41 IST">
  <testcase classname="testCases.TC001_SubmitOrderTest" name="submitOrder" time="3.922">
    <failure type="java.lang.AssertionError" message="expected [true] but found [false]">
      <![CDATA[java.lang.AssertionError: expected [true] but found [false]
at testCases.TC001_SubmitOrderTest.submitOrder(TC001_SubmitOrderTest.java:42)
at java.base/java.util.ArrayList.forEach(ArrayList.java:1597)
... Removed 29 stack frames]]>
    </failure>
  </testcase> <!-- submitOrder -->
</testsuite> <!-- All_Test -->
