<?xml version="1.0" encoding="UTF-8"?>
<!-- Generated by org.testng.reporters.JUnitXMLReporter -->
<testsuite ignored="0" hostname="DEMON-PC" failures="0" tests="3" name="All_Test" time="11.242" errors="0" timestamp="2024-09-18T15:58:42 IST">
  <testcase classname="testCases.TC001_SubmitOrderTest" name="submitOrder" time="1.14"/>
  <testcase classname="testCases.TC002_ErrorValidationTest" name="errorValidation" time="0.538"/>
  <testcase classname="testCases.TC003_LogoutTest" name="verify_Logout" time="0.523"/>
</testsuite> <!-- All_Test -->
