<?xml version="1.0" encoding="UTF-8"?>
<testng-results ignored="0" total="2" passed="2" failed="0" skipped="0">
  <reporter-output>
  </reporter-output>
  <suite started-at="2024-09-17T07:44:15 IST" name="Master_Suite" finished-at="2024-09-17T07:44:29 IST" duration-ms="14002">
    <groups>
    </groups>
    <test started-at="2024-09-17T07:44:15 IST" name="All_Test" finished-at="2024-09-17T07:44:29 IST" duration-ms="14002">
      <class name="testCases.TC002_ErrorValidationTest">
        <test-method is-config="true" signature="launchApplication()[pri:0, instance:testCases.TC002_ErrorValidationTest@4612b856]" started-at="2024-09-17T07:44:25 IST" name="launchApplication" finished-at="2024-09-17T07:44:28 IST" duration-ms="2481" status="PASS">
          <reporter-output>
          </reporter-output>
        </test-method> <!-- launchApplication -->
        <test-method signature="errorValidation()[pri:0, instance:testCases.TC002_ErrorValidationTest@4612b856]" started-at="2024-09-17T07:44:28 IST" name="errorValidation" finished-at="2024-09-17T07:44:29 IST" duration-ms="1276" status="PASS">
          <reporter-output>
          </reporter-output>
        </test-method> <!-- errorValidation -->
        <test-method is-config="true" signature="tearDown()[pri:0, instance:testCases.TC002_ErrorValidationTest@4612b856]" started-at="2024-09-17T07:44:29 IST" name="tearDown" finished-at="2024-09-17T07:44:29 IST" duration-ms="306" status="PASS">
          <reporter-output>
          </reporter-output>
        </test-method> <!-- tearDown -->
      </class> <!-- testCases.TC002_ErrorValidationTest -->
      <class name="testCases.TC001_SubmitOrderTest">
        <test-method is-config="true" signature="launchApplication()[pri:0, instance:testCases.TC001_SubmitOrderTest@53dbe163]" started-at="2024-09-17T07:44:15 IST" name="launchApplication" finished-at="2024-09-17T07:44:20 IST" duration-ms="4953" status="PASS">
          <reporter-output>
          </reporter-output>
        </test-method> <!-- launchApplication -->
        <test-method signature="submitOrder()[pri:0, instance:testCases.TC001_SubmitOrderTest@53dbe163]" started-at="2024-09-17T07:44:20 IST" name="submitOrder" finished-at="2024-09-17T07:44:25 IST" duration-ms="4416" status="PASS">
          <reporter-output>
          </reporter-output>
        </test-method> <!-- submitOrder -->
        <test-method is-config="true" signature="tearDown()[pri:0, instance:testCases.TC001_SubmitOrderTest@53dbe163]" started-at="2024-09-17T07:44:25 IST" name="tearDown" finished-at="2024-09-17T07:44:25 IST" duration-ms="369" status="PASS">
          <reporter-output>
          </reporter-output>
        </test-method> <!-- tearDown -->
      </class> <!-- testCases.TC001_SubmitOrderTest -->
    </test> <!-- All_Test -->
  </suite> <!-- Master_Suite -->
</testng-results>
